*** Starting uWSGI 2.0.18 (64bit) on [Wed Jul 24 12:04:53 2019] ***
compiled with version: 5.4.0 20160609 on 24 July 2019 03:12:31
os: Linux-4.4.0-143-generic #169-Ubuntu SMP Thu Feb 7 07:56:38 UTC 2019
nodename: iZuf64zc9ri721kvzk6bxjZ
machine: x86_64
clock source: unix
pcre jit disabled
detected number of CPU cores: 4
current working directory: /var/www_codelion/kqwebsite
detected binary path: /usr/bin/uwsgi
uWSGI running as root, you can use --uid/--gid/--chroot options
*** WARNING: you are running uWSGI as root !!! (use the --uid flag) *** 
chdir() to /var/www_codelion/kqwebsite
your processes number limit is 31782
your memory page size is 4096 bytes
detected max file descriptor number: 65535
lock engine: pthread robust mutexes
thunder lock: disabled (you can enable it with --thunder-lock)
uWSGI http bound on 0.0.0.0:8000 fd 4
uwsgi socket 0 bound to TCP address 127.0.0.1:35374 (port auto-assigned) fd 3
uWSGI running as root, you can use --uid/--gid/--chroot options
*** WARNING: you are running uWSGI as root !!! (use the --uid flag) *** 
Python version: 3.5.2 (default, Nov 12 2018, 13:43:14)  [GCC 5.4.0 20160609]
*** Python threads support is disabled. You can enable it with --enable-threads ***
Python main interpreter initialized at 0x201f430
uWSGI running as root, you can use --uid/--gid/--chroot options
*** WARNING: you are running uWSGI as root !!! (use the --uid flag) *** 
your server socket listen backlog is limited to 100 connections
your mercy for graceful operations on workers is 60 seconds
mapped 291680 bytes (284 KB) for 3 cores
*** Operational MODE: preforking ***
WSGI app 0 (mountpoint='') ready in 0 seconds on interpreter 0x201f430 pid: 29065 (default app)
uWSGI running as root, you can use --uid/--gid/--chroot options
*** WARNING: you are running uWSGI as root !!! (use the --uid flag) *** 
*** uWSGI is running in multiple interpreter mode ***
spawned uWSGI master process (pid: 29065)
spawned uWSGI worker 1 (pid: 29067, cores: 1)
spawned uWSGI worker 2 (pid: 29068, cores: 1)
spawned uWSGI worker 3 (pid: 29069, cores: 1)
spawned uWSGI http 1 (pid: 29070)
SIGINT/SIGQUIT received...killing workers...
gateway "uWSGI http 1" has been buried (pid: 29070)
worker 1 buried after 1 seconds
worker 2 buried after 1 seconds
worker 3 buried after 1 seconds
goodbye to uWSGI.
*** Starting uWSGI 2.0.18 (64bit) on [Wed Jul 24 12:05:32 2019] ***
compiled with version: 5.4.0 20160609 on 24 July 2019 03:12:31
os: Linux-4.4.0-143-generic #169-Ubuntu SMP Thu Feb 7 07:56:38 UTC 2019
nodename: iZuf64zc9ri721kvzk6bxjZ
machine: x86_64
clock source: unix
pcre jit disabled
detected number of CPU cores: 4
current working directory: /var/www_codelion/kqwebsite
detected binary path: /usr/bin/uwsgi
uWSGI running as root, you can use --uid/--gid/--chroot options
*** WARNING: you are running uWSGI as root !!! (use the --uid flag) *** 
chdir() to /var/www_codelion/kqwebsite
your processes number limit is 31782
your memory page size is 4096 bytes
detected max file descriptor number: 65535
lock engine: pthread robust mutexes
thunder lock: disabled (you can enable it with --thunder-lock)
uWSGI http bound on 0.0.0.0:8000 fd 4
uwsgi socket 0 bound to TCP address 127.0.0.1:40317 (port auto-assigned) fd 3
uWSGI running as root, you can use --uid/--gid/--chroot options
*** WARNING: you are running uWSGI as root !!! (use the --uid flag) *** 
Python version: 3.5.2 (default, Nov 12 2018, 13:43:14)  [GCC 5.4.0 20160609]
*** Python threads support is disabled. You can enable it with --enable-threads ***
Python main interpreter initialized at 0x1dcc430
uWSGI running as root, you can use --uid/--gid/--chroot options
*** WARNING: you are running uWSGI as root !!! (use the --uid flag) *** 
your server socket listen backlog is limited to 100 connections
your mercy for graceful operations on workers is 60 seconds
mapped 291680 bytes (284 KB) for 3 cores
*** Operational MODE: preforking ***
WSGI app 0 (mountpoint='') ready in 1 seconds on interpreter 0x1dcc430 pid: 29078 (default app)
uWSGI running as root, you can use --uid/--gid/--chroot options
*** WARNING: you are running uWSGI as root !!! (use the --uid flag) *** 
*** uWSGI is running in multiple interpreter mode ***
spawned uWSGI master process (pid: 29078)
spawned uWSGI worker 1 (pid: 29080, cores: 1)
spawned uWSGI worker 2 (pid: 29081, cores: 1)
spawned uWSGI worker 3 (pid: 29082, cores: 1)
spawned uWSGI http 1 (pid: 29083)
SIGINT/SIGQUIT received...killing workers...
gateway "uWSGI http 1" has been buried (pid: 29083)
worker 1 buried after 1 seconds
worker 2 buried after 1 seconds
worker 3 buried after 1 seconds
goodbye to uWSGI.
*** Starting uWSGI 2.0.18 (64bit) on [Wed Jul 24 12:06:21 2019] ***
compiled with version: 5.4.0 20160609 on 24 July 2019 03:12:31
os: Linux-4.4.0-143-generic #169-Ubuntu SMP Thu Feb 7 07:56:38 UTC 2019
nodename: iZuf64zc9ri721kvzk6bxjZ
machine: x86_64
clock source: unix
pcre jit disabled
detected number of CPU cores: 4
current working directory: /var/www_codelion/kqwebsite
detected binary path: /usr/bin/uwsgi
uWSGI running as root, you can use --uid/--gid/--chroot options
*** WARNING: you are running uWSGI as root !!! (use the --uid flag) *** 
chdir() to /var/www_codelion/kqwebsite
your processes number limit is 31782
your memory page size is 4096 bytes
detected max file descriptor number: 65535
lock engine: pthread robust mutexes
thunder lock: disabled (you can enable it with --thunder-lock)
uWSGI http bound on 0.0.0.0:5000 fd 4
uwsgi socket 0 bound to TCP address 127.0.0.1:43130 (port auto-assigned) fd 3
uWSGI running as root, you can use --uid/--gid/--chroot options
*** WARNING: you are running uWSGI as root !!! (use the --uid flag) *** 
Python version: 3.5.2 (default, Nov 12 2018, 13:43:14)  [GCC 5.4.0 20160609]
*** Python threads support is disabled. You can enable it with --enable-threads ***
Python main interpreter initialized at 0x81a430
uWSGI running as root, you can use --uid/--gid/--chroot options
*** WARNING: you are running uWSGI as root !!! (use the --uid flag) *** 
your server socket listen backlog is limited to 100 connections
your mercy for graceful operations on workers is 60 seconds
mapped 291680 bytes (284 KB) for 3 cores
*** Operational MODE: preforking ***
WSGI app 0 (mountpoint='') ready in 1 seconds on interpreter 0x81a430 pid: 29085 (default app)
uWSGI running as root, you can use --uid/--gid/--chroot options
*** WARNING: you are running uWSGI as root !!! (use the --uid flag) *** 
*** uWSGI is running in multiple interpreter mode ***
spawned uWSGI master process (pid: 29085)
spawned uWSGI worker 1 (pid: 29087, cores: 1)
spawned uWSGI worker 2 (pid: 29088, cores: 1)
spawned uWSGI worker 3 (pid: 29089, cores: 1)
spawned uWSGI http 1 (pid: 29090)
[pid: 29089|app: 0|req: 1/1] 220.248.45.178 () {38 vars in 702 bytes} [Wed Jul 24 12:06:25 2019] GET / => generated 3 bytes in 2 msecs (HTTP/1.1 200) 2 headers in 78 bytes (1 switches on core 0)
Gracefully killing worker 3 (pid: 29089)...
Gracefully killing worker 2 (pid: 29088)...
Gracefully killing worker 1 (pid: 29087)...
gateway "uWSGI http 1" has been buried (pid: 29090)
...gracefully killing workers...
worker 1 buried after 1 seconds
worker 2 buried after 1 seconds
worker 3 buried after 1 seconds
binary reloading uWSGI...
chdir() to /var/www_codelion/kqwebsite
closing all non-uwsgi socket fds > 2 (max_fd = 65535)...
found fd 3 mapped to socket 0 (127.0.0.1:43130)
running /usr/bin/uwsgi
[uWSGI] getting INI configuration from uwsgi.ini
*** Starting uWSGI 2.0.18 (64bit) on [Wed Jul 24 12:18:12 2019] ***
compiled with version: 5.4.0 20160609 on 24 July 2019 03:12:31
os: Linux-4.4.0-143-generic #169-Ubuntu SMP Thu Feb 7 07:56:38 UTC 2019
nodename: iZuf64zc9ri721kvzk6bxjZ
machine: x86_64
clock source: unix
pcre jit disabled
detected number of CPU cores: 4
current working directory: /var/www_codelion/kqwebsite
detected binary path: /usr/bin/uwsgi
uWSGI running as root, you can use --uid/--gid/--chroot options
*** WARNING: you are running uWSGI as root !!! (use the --uid flag) *** 
chdir() to /var/www_codelion/kqwebsite
your processes number limit is 31782
your memory page size is 4096 bytes
detected max file descriptor number: 65535
lock engine: pthread robust mutexes
thunder lock: disabled (you can enable it with --thunder-lock)
uWSGI http bound on 0.0.0.0:5000 fd 5
uwsgi socket 0 bound to TCP address 127.0.0.1:38231 (port auto-assigned) fd 4
uWSGI running as root, you can use --uid/--gid/--chroot options
*** WARNING: you are running uWSGI as root !!! (use the --uid flag) *** 
Python version: 3.5.2 (default, Nov 12 2018, 13:43:14)  [GCC 5.4.0 20160609]
*** Python threads support is disabled. You can enable it with --enable-threads ***
Python main interpreter initialized at 0x161e320
uWSGI running as root, you can use --uid/--gid/--chroot options
*** WARNING: you are running uWSGI as root !!! (use the --uid flag) *** 
your server socket listen backlog is limited to 100 connections
your mercy for graceful operations on workers is 60 seconds
mapped 291680 bytes (284 KB) for 3 cores
*** Operational MODE: preforking ***
WSGI app 0 (mountpoint='') ready in 0 seconds on interpreter 0x161e320 pid: 29085 (default app)
uWSGI running as root, you can use --uid/--gid/--chroot options
*** WARNING: you are running uWSGI as root !!! (use the --uid flag) *** 
*** uWSGI is running in multiple interpreter mode ***
gracefully (RE)spawned uWSGI master process (pid: 29085)
spawned uWSGI worker 1 (pid: 29098, cores: 1)
spawned uWSGI worker 2 (pid: 29099, cores: 1)
spawned uWSGI worker 3 (pid: 29100, cores: 1)
spawned uWSGI http 1 (pid: 29101)
[pid: 29100|app: 0|req: 1/1] 220.248.45.178 () {38 vars in 703 bytes} [Wed Jul 24 13:45:36 2019] GET / => generated 3 bytes in 2 msecs (HTTP/1.1 200) 2 headers in 78 bytes (1 switches on core 0)
[pid: 29100|app: 0|req: 2/2] 220.248.45.178 () {38 vars in 703 bytes} [Wed Jul 24 13:45:37 2019] GET / => generated 3 bytes in 0 msecs (HTTP/1.1 200) 2 headers in 78 bytes (1 switches on core 0)
Wed Jul 24 13:55:51 2019 - uWSGI worker 3 screams: UAAAAAAH my master disconnected: i will kill myself !!!
Wed Jul 24 13:55:51 2019 - uWSGI worker 2 screams: UAAAAAAH my master disconnected: i will kill myself !!!
Wed Jul 24 13:55:51 2019 - uWSGI worker 1 screams: UAAAAAAH my master disconnected: i will kill myself !!!
*** Starting uWSGI 2.0.18 (64bit) on [Wed Jul 24 13:56:02 2019] ***
compiled with version: 5.4.0 20160609 on 24 July 2019 03:12:31
os: Linux-4.4.0-143-generic #169-Ubuntu SMP Thu Feb 7 07:56:38 UTC 2019
nodename: iZuf64zc9ri721kvzk6bxjZ
machine: x86_64
clock source: unix
pcre jit disabled
detected number of CPU cores: 4
current working directory: /var/www_codelion/kqwebsite
detected binary path: /usr/bin/uwsgi
uWSGI running as root, you can use --uid/--gid/--chroot options
*** WARNING: you are running uWSGI as root !!! (use the --uid flag) *** 
chdir() to /var/www_codelion/kqwebsite
your processes number limit is 31782
your memory page size is 4096 bytes
detected max file descriptor number: 65535
lock engine: pthread robust mutexes
thunder lock: disabled (you can enable it with --thunder-lock)
uwsgi socket 0 bound to TCP address 0.0.0.0:5000 fd 3
uWSGI running as root, you can use --uid/--gid/--chroot options
*** WARNING: you are running uWSGI as root !!! (use the --uid flag) *** 
Python version: 3.5.2 (default, Nov 12 2018, 13:43:14)  [GCC 5.4.0 20160609]
*** Python threads support is disabled. You can enable it with --enable-threads ***
Python main interpreter initialized at 0xebd340
uWSGI running as root, you can use --uid/--gid/--chroot options
*** WARNING: you are running uWSGI as root !!! (use the --uid flag) *** 
your server socket listen backlog is limited to 100 connections
your mercy for graceful operations on workers is 60 seconds
mapped 291680 bytes (284 KB) for 3 cores
*** Operational MODE: preforking ***
WSGI app 0 (mountpoint='') ready in 0 seconds on interpreter 0xebd340 pid: 29274 (default app)
uWSGI running as root, you can use --uid/--gid/--chroot options
*** WARNING: you are running uWSGI as root !!! (use the --uid flag) *** 
*** uWSGI is running in multiple interpreter mode ***
spawned uWSGI master process (pid: 29274)
spawned uWSGI worker 1 (pid: 29276, cores: 1)
spawned uWSGI worker 2 (pid: 29277, cores: 1)
spawned uWSGI worker 3 (pid: 29278, cores: 1)
invalid request block size: 21573 (max 4096)...skip
invalid request block size: 21573 (max 4096)...skip
invalid request block size: 21573 (max 4096)...skip
invalid request block size: 21573 (max 4096)...skip
invalid request block size: 21573 (max 4096)...skip
SIGINT/SIGQUIT received...killing workers...
worker 1 buried after 1 seconds
worker 2 buried after 1 seconds
worker 3 buried after 1 seconds
goodbye to uWSGI.
*** Starting uWSGI 2.0.18 (64bit) on [Wed Jul 24 14:25:21 2019] ***
compiled with version: 5.4.0 20160609 on 24 July 2019 03:12:31
os: Linux-4.4.0-143-generic #169-Ubuntu SMP Thu Feb 7 07:56:38 UTC 2019
nodename: iZuf64zc9ri721kvzk6bxjZ
machine: x86_64
clock source: unix
pcre jit disabled
detected number of CPU cores: 4
current working directory: /var/www_codelion/kqwebsite
detected binary path: /usr/bin/uwsgi
uWSGI running as root, you can use --uid/--gid/--chroot options
*** WARNING: you are running uWSGI as root !!! (use the --uid flag) *** 
chdir() to /var/www_codelion/kqwebsite
your processes number limit is 31782
your memory page size is 4096 bytes
detected max file descriptor number: 65535
lock engine: pthread robust mutexes
thunder lock: disabled (you can enable it with --thunder-lock)
uwsgi socket 0 bound to TCP address 0.0.0.0:5000 fd 3
uWSGI running as root, you can use --uid/--gid/--chroot options
*** WARNING: you are running uWSGI as root !!! (use the --uid flag) *** 
Python version: 3.5.2 (default, Nov 12 2018, 13:43:14)  [GCC 5.4.0 20160609]
*** Python threads support is disabled. You can enable it with --enable-threads ***
Python main interpreter initialized at 0x10d4340
uWSGI running as root, you can use --uid/--gid/--chroot options
*** WARNING: you are running uWSGI as root !!! (use the --uid flag) *** 
your server socket listen backlog is limited to 100 connections
your mercy for graceful operations on workers is 60 seconds
mapped 291680 bytes (284 KB) for 3 cores
*** Operational MODE: preforking ***
WSGI app 0 (mountpoint='') ready in 0 seconds on interpreter 0x10d4340 pid: 30213 (default app)
uWSGI running as root, you can use --uid/--gid/--chroot options
*** WARNING: you are running uWSGI as root !!! (use the --uid flag) *** 
*** uWSGI is running in multiple interpreter mode ***
spawned uWSGI master process (pid: 30213)
spawned uWSGI worker 1 (pid: 30215, cores: 1)
spawned uWSGI worker 2 (pid: 30216, cores: 1)
spawned uWSGI worker 3 (pid: 30217, cores: 1)
SIGINT/SIGQUIT received...killing workers...
worker 1 buried after 1 seconds
worker 2 buried after 1 seconds
worker 3 buried after 1 seconds
goodbye to uWSGI.
*** Starting uWSGI 2.0.18 (64bit) on [Wed Jul 24 14:26:36 2019] ***
compiled with version: 5.4.0 20160609 on 24 July 2019 03:12:31
os: Linux-4.4.0-143-generic #169-Ubuntu SMP Thu Feb 7 07:56:38 UTC 2019
nodename: iZuf64zc9ri721kvzk6bxjZ
machine: x86_64
clock source: unix
pcre jit disabled
detected number of CPU cores: 4
current working directory: /var/www_codelion/kqwebsite
detected binary path: /usr/bin/uwsgi
uWSGI running as root, you can use --uid/--gid/--chroot options
*** WARNING: you are running uWSGI as root !!! (use the --uid flag) *** 
chdir() to /var/www_codelion/kqwebsite
your processes number limit is 31782
your memory page size is 4096 bytes
detected max file descriptor number: 65535
lock engine: pthread robust mutexes
thunder lock: disabled (you can enable it with --thunder-lock)
uWSGI http bound on 0.0.0.0:5000 fd 4
uwsgi socket 0 bound to TCP address 127.0.0.1:33099 (port auto-assigned) fd 3
uWSGI running as root, you can use --uid/--gid/--chroot options
*** WARNING: you are running uWSGI as root !!! (use the --uid flag) *** 
Python version: 3.5.2 (default, Nov 12 2018, 13:43:14)  [GCC 5.4.0 20160609]
*** Python threads support is disabled. You can enable it with --enable-threads ***
Python main interpreter initialized at 0x9df440
uWSGI running as root, you can use --uid/--gid/--chroot options
*** WARNING: you are running uWSGI as root !!! (use the --uid flag) *** 
your server socket listen backlog is limited to 100 connections
your mercy for graceful operations on workers is 60 seconds
mapped 291680 bytes (284 KB) for 3 cores
*** Operational MODE: preforking ***
WSGI app 0 (mountpoint='') ready in 0 seconds on interpreter 0x9df440 pid: 30232 (default app)
uWSGI running as root, you can use --uid/--gid/--chroot options
*** WARNING: you are running uWSGI as root !!! (use the --uid flag) *** 
*** uWSGI is running in multiple interpreter mode ***
spawned uWSGI master process (pid: 30232)
spawned uWSGI worker 1 (pid: 30234, cores: 1)
spawned uWSGI worker 2 (pid: 30235, cores: 1)
spawned uWSGI worker 3 (pid: 30236, cores: 1)
spawned uWSGI http 1 (pid: 30237)
[pid: 30235|app: 0|req: 1/1] 220.248.45.178 () {40 vars in 775 bytes} [Wed Jul 24 14:26:51 2019] GET / => generated 3 bytes in 2 msecs (HTTP/1.1 200) 2 headers in 78 bytes (1 switches on core 0)
SIGINT/SIGQUIT received...killing workers...
gateway "uWSGI http 1" has been buried (pid: 30237)
worker 1 buried after 1 seconds
worker 2 buried after 1 seconds
worker 3 buried after 1 seconds
goodbye to uWSGI.
*** Starting uWSGI 2.0.18 (64bit) on [Wed Jul 24 14:27:12 2019] ***
compiled with version: 5.4.0 20160609 on 24 July 2019 03:12:31
os: Linux-4.4.0-143-generic #169-Ubuntu SMP Thu Feb 7 07:56:38 UTC 2019
nodename: iZuf64zc9ri721kvzk6bxjZ
machine: x86_64
clock source: unix
pcre jit disabled
detected number of CPU cores: 4
current working directory: /var/www_codelion/kqwebsite
detected binary path: /usr/bin/uwsgi
uWSGI running as root, you can use --uid/--gid/--chroot options
*** WARNING: you are running uWSGI as root !!! (use the --uid flag) *** 
chdir() to /var/www_codelion/kqwebsite
your processes number limit is 31782
your memory page size is 4096 bytes
detected max file descriptor number: 65535
lock engine: pthread robust mutexes
thunder lock: disabled (you can enable it with --thunder-lock)
uwsgi socket 0 bound to TCP address 0.0.0.0:5000 fd 3
uWSGI running as root, you can use --uid/--gid/--chroot options
*** WARNING: you are running uWSGI as root !!! (use the --uid flag) *** 
Python version: 3.5.2 (default, Nov 12 2018, 13:43:14)  [GCC 5.4.0 20160609]
*** Python threads support is disabled. You can enable it with --enable-threads ***
Python main interpreter initialized at 0x1f48340
uWSGI running as root, you can use --uid/--gid/--chroot options
*** WARNING: you are running uWSGI as root !!! (use the --uid flag) *** 
your server socket listen backlog is limited to 100 connections
your mercy for graceful operations on workers is 60 seconds
mapped 291680 bytes (284 KB) for 3 cores
*** Operational MODE: preforking ***
WSGI app 0 (mountpoint='') ready in 0 seconds on interpreter 0x1f48340 pid: 30272 (default app)
uWSGI running as root, you can use --uid/--gid/--chroot options
*** WARNING: you are running uWSGI as root !!! (use the --uid flag) *** 
*** uWSGI is running in multiple interpreter mode ***
spawned uWSGI master process (pid: 30272)
spawned uWSGI worker 1 (pid: 30274, cores: 1)
spawned uWSGI worker 2 (pid: 30275, cores: 1)
spawned uWSGI worker 3 (pid: 30276, cores: 1)
invalid request block size: 21573 (max 4096)...skip
invalid request block size: 21573 (max 4096)...skip
invalid request block size: 21573 (max 4096)...skip
invalid request block size: 21573 (max 4096)...skip
invalid request block size: 21573 (max 4096)...skip
invalid request block size: 21573 (max 4096)...skip
invalid request block size: 21573 (max 4096)...skip
invalid request block size: 21573 (max 4096)...skip
[pid: 30276|app: 0|req: 1/1] 220.248.45.178 () {50 vars in 1055 bytes} [Wed Jul 24 14:43:49 2019] GET /web/database/manager => generated 232 bytes in 10 msecs (HTTP/1.1 404) 2 headers in 72 bytes (1 switches on core 0)
[pid: 30276|app: 0|req: 2/2] 220.248.45.178 () {50 vars in 956 bytes} [Wed Jul 24 14:43:49 2019] GET /favicon.ico => generated 232 bytes in 0 msecs (HTTP/1.1 404) 2 headers in 72 bytes (1 switches on core 0)
[pid: 30276|app: 0|req: 3/3] 220.248.45.178 () {46 vars in 864 bytes} [Wed Jul 24 14:43:55 2019] GET / => generated 3 bytes in 0 msecs (HTTP/1.1 200) 2 headers in 78 bytes (1 switches on core 0)
[pid: 30276|app: 0|req: 4/4] 220.248.45.178 () {46 vars in 814 bytes} [Wed Jul 24 14:43:55 2019] GET /favicon.ico => generated 232 bytes in 0 msecs (HTTP/1.1 404) 2 headers in 72 bytes (1 switches on core 0)
[pid: 30276|app: 0|req: 5/5] 220.248.45.178 () {54 vars in 1109 bytes} [Wed Jul 24 14:44:07 2019] POST /web/webclient/bootstrap_translations => generated 232 bytes in 0 msecs (HTTP/1.1 404) 2 headers in 72 bytes (1 switches on core 0)
Gracefully killing worker 3 (pid: 30276)...
Gracefully killing worker 1 (pid: 30274)...
Gracefully killing worker 2 (pid: 30275)...
...gracefully killing workers...
worker 1 buried after 1 seconds
worker 2 buried after 1 seconds
worker 3 buried after 1 seconds
binary reloading uWSGI...
chdir() to /var/www_codelion/kqwebsite
closing all non-uwsgi socket fds > 2 (max_fd = 65535)...
found fd 3 mapped to socket 0 (0.0.0.0:5000)
running /usr/bin/uwsgi
[uWSGI] getting INI configuration from uwsgi.ini
*** Starting uWSGI 2.0.18 (64bit) on [Wed Jul 24 14:45:58 2019] ***
compiled with version: 5.4.0 20160609 on 24 July 2019 03:12:31
os: Linux-4.4.0-143-generic #169-Ubuntu SMP Thu Feb 7 07:56:38 UTC 2019
nodename: iZuf64zc9ri721kvzk6bxjZ
machine: x86_64
clock source: unix
pcre jit disabled
detected number of CPU cores: 4
current working directory: /var/www_codelion/kqwebsite
detected binary path: /usr/bin/uwsgi
uWSGI running as root, you can use --uid/--gid/--chroot options
*** WARNING: you are running uWSGI as root !!! (use the --uid flag) *** 
chdir() to /var/www_codelion/kqwebsite
your processes number limit is 31782
your memory page size is 4096 bytes
detected max file descriptor number: 65535
lock engine: pthread robust mutexes
thunder lock: disabled (you can enable it with --thunder-lock)
uwsgi socket 0 inherited INET address 0.0.0.0:5000 fd 3
uWSGI running as root, you can use --uid/--gid/--chroot options
*** WARNING: you are running uWSGI as root !!! (use the --uid flag) *** 
Python version: 3.5.2 (default, Nov 12 2018, 13:43:14)  [GCC 5.4.0 20160609]
*** Python threads support is disabled. You can enable it with --enable-threads ***
Python main interpreter initialized at 0x1e74e40
uWSGI running as root, you can use --uid/--gid/--chroot options
*** WARNING: you are running uWSGI as root !!! (use the --uid flag) *** 
your server socket listen backlog is limited to 100 connections
your mercy for graceful operations on workers is 60 seconds
mapped 291680 bytes (284 KB) for 3 cores
*** Operational MODE: preforking ***
WSGI app 0 (mountpoint='') ready in 0 seconds on interpreter 0x1e74e40 pid: 30272 (default app)
uWSGI running as root, you can use --uid/--gid/--chroot options
*** WARNING: you are running uWSGI as root !!! (use the --uid flag) *** 
*** uWSGI is running in multiple interpreter mode ***
gracefully (RE)spawned uWSGI master process (pid: 30272)
spawned uWSGI worker 1 (pid: 30572, cores: 1)
spawned uWSGI worker 2 (pid: 30573, cores: 1)
spawned uWSGI worker 3 (pid: 30574, cores: 1)
Traceback (most recent call last):
  File "/usr/local/lib/python3.5/dist-packages/flask/app.py", line 2463, in __call__
    return self.wsgi_app(environ, start_response)
  File "/usr/local/lib/python3.5/dist-packages/flask/app.py", line 2449, in wsgi_app
    response = self.handle_exception(e)
  File "/usr/local/lib/python3.5/dist-packages/flask/app.py", line 1866, in handle_exception
    reraise(exc_type, exc_value, tb)
  File "/usr/local/lib/python3.5/dist-packages/flask/_compat.py", line 39, in reraise
    raise value
  File "/usr/local/lib/python3.5/dist-packages/flask/app.py", line 2446, in wsgi_app
    response = self.full_dispatch_request()
  File "/usr/local/lib/python3.5/dist-packages/flask/app.py", line 1951, in full_dispatch_request
    rv = self.handle_user_exception(e)
  File "/usr/local/lib/python3.5/dist-packages/flask/app.py", line 1820, in handle_user_exception
    reraise(exc_type, exc_value, tb)
  File "/usr/local/lib/python3.5/dist-packages/flask/_compat.py", line 39, in reraise
    raise value
  File "/usr/local/lib/python3.5/dist-packages/flask/app.py", line 1949, in full_dispatch_request
    rv = self.dispatch_request()
  File "/usr/local/lib/python3.5/dist-packages/flask/app.py", line 1935, in dispatch_request
    return self.view_functions[rule.endpoint](**req.view_args)
  File "./app/users/api.py", line 37, in addUser
    user = Users(user_name=user_name, user_password=user_password)
TypeError: __init__() missing 2 required positional arguments: 'user_nickname' and 'user_email'
[pid: 30574|app: 0|req: 1/1] 220.248.45.178 () {48 vars in 817 bytes} [Wed Jul 24 14:50:36 2019] POST /user => generated 0 bytes in 8 msecs (HTTP/1.1 500) 0 headers in 0 bytes (0 switches on core 0)
Wed Jul 24 14:52:56 2019 - uWSGI worker 3 screams: UAAAAAAH my master disconnected: i will kill myself !!!
Wed Jul 24 14:52:56 2019 - uWSGI worker 1 screams: UAAAAAAH my master disconnected: i will kill myself !!!
Wed Jul 24 14:52:56 2019 - uWSGI worker 2 screams: UAAAAAAH my master disconnected: i will kill myself !!!
Error in atexit._run_exitfuncs:
Traceback (most recent call last):
  File "/usr/lib/python3.5/logging/__init__.py", line 1881, in shutdown
    h.flush()
  File "/usr/lib/python3.5/logging/__init__.py", line 963, in flush
    if self.stream and hasattr(self.stream, "flush"):
  File "/usr/local/lib/python3.5/dist-packages/werkzeug/local.py", line 329, in __bool__
    return bool(self._get_current_object())
  File "/usr/local/lib/python3.5/dist-packages/werkzeug/local.py", line 307, in _get_current_object
    return self.__local()
  File "/usr/local/lib/python3.5/dist-packages/flask/logging.py", line 30, in wsgi_errors_stream
    return request.environ["wsgi.errors"] if request else sys.stderr
KeyError: 'wsgi.errors'
*** Starting uWSGI 2.0.18 (64bit) on [Wed Jul 24 18:16:07 2019] ***
compiled with version: 5.4.0 20160609 on 24 July 2019 03:12:31
os: Linux-4.4.0-143-generic #169-Ubuntu SMP Thu Feb 7 07:56:38 UTC 2019
nodename: iZuf64zc9ri721kvzk6bxjZ
machine: x86_64
clock source: unix
pcre jit disabled
detected number of CPU cores: 4
current working directory: /var/www_codelion/kqwebsite
detected binary path: /usr/bin/uwsgi
uWSGI running as root, you can use --uid/--gid/--chroot options
*** WARNING: you are running uWSGI as root !!! (use the --uid flag) *** 
chdir() to /var/www_codelion/kqwebsite
your processes number limit is 31782
your memory page size is 4096 bytes
detected max file descriptor number: 65535
lock engine: pthread robust mutexes
thunder lock: disabled (you can enable it with --thunder-lock)
probably another instance of uWSGI is running on the same address (0.0.0.0:5000).
bind(): Address already in use [core/socket.c line 769]
*** Starting uWSGI 2.0.18 (64bit) on [Wed Jul 24 18:17:18 2019] ***
compiled with version: 5.4.0 20160609 on 24 July 2019 03:12:31
os: Linux-4.4.0-143-generic #169-Ubuntu SMP Thu Feb 7 07:56:38 UTC 2019
nodename: iZuf64zc9ri721kvzk6bxjZ
machine: x86_64
clock source: unix
pcre jit disabled
detected number of CPU cores: 4
current working directory: /var/www_codelion/kqwebsite
detected binary path: /usr/bin/uwsgi
uWSGI running as root, you can use --uid/--gid/--chroot options
*** WARNING: you are running uWSGI as root !!! (use the --uid flag) *** 
chdir() to /var/www_codelion/kqwebsite
your processes number limit is 31782
your memory page size is 4096 bytes
detected max file descriptor number: 65535
lock engine: pthread robust mutexes
thunder lock: disabled (you can enable it with --thunder-lock)
uWSGI http bound on 0.0.0.0:5000 fd 4
uwsgi socket 0 bound to TCP address 127.0.0.1:39710 (port auto-assigned) fd 3
uWSGI running as root, you can use --uid/--gid/--chroot options
*** WARNING: you are running uWSGI as root !!! (use the --uid flag) *** 
Python version: 3.5.2 (default, Nov 12 2018, 13:43:14)  [GCC 5.4.0 20160609]
*** Python threads support is disabled. You can enable it with --enable-threads ***
Python main interpreter initialized at 0x1dce370
uWSGI running as root, you can use --uid/--gid/--chroot options
*** WARNING: you are running uWSGI as root !!! (use the --uid flag) *** 
your server socket listen backlog is limited to 100 connections
your mercy for graceful operations on workers is 60 seconds
mapped 291680 bytes (284 KB) for 3 cores
*** Operational MODE: preforking ***
ImportError: No module named 'run'
unable to load app 0 (mountpoint='') (callable not found or import error)
*** no app loaded. going in full dynamic mode ***
uWSGI running as root, you can use --uid/--gid/--chroot options
*** WARNING: you are running uWSGI as root !!! (use the --uid flag) *** 
*** uWSGI is running in multiple interpreter mode ***
spawned uWSGI master process (pid: 31265)
spawned uWSGI worker 1 (pid: 31266, cores: 1)
spawned uWSGI worker 2 (pid: 31267, cores: 1)
spawned uWSGI worker 3 (pid: 31268, cores: 1)
spawned uWSGI http 1 (pid: 31269)
--- no python application found, check your startup logs for errors ---
[pid: 31267|app: -1|req: -1/1] 220.248.45.178 () {40 vars in 775 bytes} [Wed Jul 24 18:17:21 2019] GET / => generated 21 bytes in 0 msecs (HTTP/1.1 500) 2 headers in 83 bytes (0 switches on core 0)
SIGINT/SIGQUIT received...killing workers...
gateway "uWSGI http 1" has been buried (pid: 31269)
worker 1 buried after 1 seconds
worker 2 buried after 1 seconds
worker 3 buried after 1 seconds
goodbye to uWSGI.
*** Starting uWSGI 2.0.18 (64bit) on [Wed Jul 24 18:19:10 2019] ***
compiled with version: 5.4.0 20160609 on 24 July 2019 03:12:31
os: Linux-4.4.0-143-generic #169-Ubuntu SMP Thu Feb 7 07:56:38 UTC 2019
nodename: iZuf64zc9ri721kvzk6bxjZ
machine: x86_64
clock source: unix
pcre jit disabled
detected number of CPU cores: 4
current working directory: /var/www_codelion/kqwebsite/restful_api
detected binary path: /usr/bin/uwsgi
uWSGI running as root, you can use --uid/--gid/--chroot options
*** WARNING: you are running uWSGI as root !!! (use the --uid flag) *** 
chdir() to /var/www_codelion/kqwebsite/restful_api
your processes number limit is 31782
your memory page size is 4096 bytes
detected max file descriptor number: 65535
lock engine: pthread robust mutexes
thunder lock: disabled (you can enable it with --thunder-lock)
uWSGI http bound on 0.0.0.0:5000 fd 4
uwsgi socket 0 bound to TCP address 127.0.0.1:38484 (port auto-assigned) fd 3
uWSGI running as root, you can use --uid/--gid/--chroot options
*** WARNING: you are running uWSGI as root !!! (use the --uid flag) *** 
Python version: 3.5.2 (default, Nov 12 2018, 13:43:14)  [GCC 5.4.0 20160609]
*** Python threads support is disabled. You can enable it with --enable-threads ***
Python main interpreter initialized at 0x2732390
uWSGI running as root, you can use --uid/--gid/--chroot options
*** WARNING: you are running uWSGI as root !!! (use the --uid flag) *** 
your server socket listen backlog is limited to 100 connections
your mercy for graceful operations on workers is 60 seconds
mapped 291680 bytes (284 KB) for 3 cores
*** Operational MODE: preforking ***
ImportError: No module named 'run'
unable to load app 0 (mountpoint='') (callable not found or import error)
*** no app loaded. going in full dynamic mode ***
uWSGI running as root, you can use --uid/--gid/--chroot options
*** WARNING: you are running uWSGI as root !!! (use the --uid flag) *** 
*** uWSGI is running in multiple interpreter mode ***
spawned uWSGI master process (pid: 31309)
spawned uWSGI worker 1 (pid: 31310, cores: 1)
spawned uWSGI worker 2 (pid: 31311, cores: 1)
spawned uWSGI worker 3 (pid: 31312, cores: 1)
spawned uWSGI http 1 (pid: 31313)
--- no python application found, check your startup logs for errors ---
[pid: 31310|app: -1|req: -1/1] 220.248.45.178 () {40 vars in 775 bytes} [Wed Jul 24 18:19:14 2019] GET / => generated 21 bytes in 0 msecs (HTTP/1.1 500) 2 headers in 83 bytes (0 switches on core 0)
SIGINT/SIGQUIT received...killing workers...
gateway "uWSGI http 1" has been buried (pid: 31313)
worker 1 buried after 1 seconds
worker 2 buried after 1 seconds
worker 3 buried after 1 seconds
goodbye to uWSGI.
*** Starting uWSGI 2.0.18 (64bit) on [Wed Jul 24 18:22:02 2019] ***
compiled with version: 5.4.0 20160609 on 24 July 2019 03:12:31
os: Linux-4.4.0-143-generic #169-Ubuntu SMP Thu Feb 7 07:56:38 UTC 2019
nodename: iZuf64zc9ri721kvzk6bxjZ
machine: x86_64
clock source: unix
pcre jit disabled
detected number of CPU cores: 4
current working directory: /var/www_codelion/kqwebsite/restful_api
detected binary path: /usr/bin/uwsgi
uWSGI running as root, you can use --uid/--gid/--chroot options
*** WARNING: you are running uWSGI as root !!! (use the --uid flag) *** 
chdir() to /var/www_codelion/kqwebsite/restful_api
your processes number limit is 31782
your memory page size is 4096 bytes
detected max file descriptor number: 65535
lock engine: pthread robust mutexes
thunder lock: disabled (you can enable it with --thunder-lock)
uwsgi socket 0 bound to TCP address 0.0.0.0:5000 fd 3
uWSGI running as root, you can use --uid/--gid/--chroot options
*** WARNING: you are running uWSGI as root !!! (use the --uid flag) *** 
Python version: 3.5.2 (default, Nov 12 2018, 13:43:14)  [GCC 5.4.0 20160609]
*** Python threads support is disabled. You can enable it with --enable-threads ***
Python main interpreter initialized at 0x1c9b2a0
uWSGI running as root, you can use --uid/--gid/--chroot options
*** WARNING: you are running uWSGI as root !!! (use the --uid flag) *** 
your server socket listen backlog is limited to 100 connections
your mercy for graceful operations on workers is 60 seconds
mapped 291680 bytes (284 KB) for 3 cores
*** Operational MODE: preforking ***
ImportError: No module named 'run'
unable to load app 0 (mountpoint='') (callable not found or import error)
*** no app loaded. going in full dynamic mode ***
uWSGI running as root, you can use --uid/--gid/--chroot options
*** WARNING: you are running uWSGI as root !!! (use the --uid flag) *** 
*** uWSGI is running in multiple interpreter mode ***
spawned uWSGI master process (pid: 31346)
spawned uWSGI worker 1 (pid: 31347, cores: 1)
spawned uWSGI worker 2 (pid: 31348, cores: 1)
spawned uWSGI worker 3 (pid: 31349, cores: 1)
ImportError: No module named 'restful_api'
unable to load app 0 (mountpoint='') (callable not found or import error)
--- no python application found, check your startup logs for errors ---
[pid: 31348|app: -1|req: -1/1] 220.248.45.178 () {48 vars in 909 bytes} [Wed Jul 24 18:22:05 2019] GET / => generated 21 bytes in 0 msecs (HTTP/1.1 500) 2 headers in 83 bytes (0 switches on core 0)
ImportError: No module named 'restful_api'
unable to load app 0 (mountpoint='') (callable not found or import error)
--- no python application found, check your startup logs for errors ---
[pid: 31347|app: -1|req: -1/2] 220.248.45.178 () {48 vars in 909 bytes} [Wed Jul 24 18:22:07 2019] GET / => generated 21 bytes in 0 msecs (HTTP/1.1 500) 2 headers in 83 bytes (0 switches on core 0)
ImportError: No module named 'restful_api'
unable to load app 0 (mountpoint='') (callable not found or import error)
--- no python application found, check your startup logs for errors ---
[pid: 31347|app: -1|req: -1/3] 220.248.45.178 () {48 vars in 909 bytes} [Wed Jul 24 18:22:22 2019] GET / => generated 21 bytes in 0 msecs (HTTP/1.1 500) 2 headers in 83 bytes (0 switches on core 0)
ImportError: No module named 'restful_api'
unable to load app 0 (mountpoint='') (callable not found or import error)
--- no python application found, check your startup logs for errors ---
[pid: 31347|app: -1|req: -1/4] 220.248.45.178 () {48 vars in 909 bytes} [Wed Jul 24 18:22:23 2019] GET / => generated 21 bytes in 0 msecs (HTTP/1.1 500) 2 headers in 83 bytes (0 switches on core 0)
ImportError: No module named 'restful_api'
unable to load app 0 (mountpoint='') (callable not found or import error)
--- no python application found, check your startup logs for errors ---
[pid: 31347|app: -1|req: -1/5] 220.248.45.178 () {48 vars in 909 bytes} [Wed Jul 24 18:22:24 2019] GET / => generated 21 bytes in 0 msecs (HTTP/1.1 500) 2 headers in 83 bytes (0 switches on core 0)
ImportError: No module named 'restful_api'
unable to load app 0 (mountpoint='') (callable not found or import error)
--- no python application found, check your startup logs for errors ---
[pid: 31347|app: -1|req: -1/6] 220.248.45.178 () {48 vars in 909 bytes} [Wed Jul 24 18:22:26 2019] GET / => generated 21 bytes in 0 msecs (HTTP/1.1 500) 2 headers in 83 bytes (0 switches on core 0)
ImportError: No module named 'restful_api'
unable to load app 0 (mountpoint='') (callable not found or import error)
--- no python application found, check your startup logs for errors ---
[pid: 31347|app: -1|req: -1/7] 220.248.45.178 () {48 vars in 909 bytes} [Wed Jul 24 18:22:27 2019] GET / => generated 21 bytes in 0 msecs (HTTP/1.1 500) 2 headers in 83 bytes (0 switches on core 0)
invalid request block size: 21573 (max 4096)...skip
ImportError: No module named 'restful_api'
unable to load app 0 (mountpoint='') (callable not found or import error)
--- no python application found, check your startup logs for errors ---
[pid: 31347|app: -1|req: -1/8] 220.248.45.178 () {48 vars in 902 bytes} [Wed Jul 24 18:22:37 2019] GET / => generated 21 bytes in 0 msecs (HTTP/1.1 500) 2 headers in 83 bytes (0 switches on core 0)
SIGINT/SIGQUIT received...killing workers...
worker 1 buried after 1 seconds
worker 2 buried after 1 seconds
worker 3 buried after 1 seconds
goodbye to uWSGI.
*** Starting uWSGI 2.0.18 (64bit) on [Wed Jul 24 18:23:28 2019] ***
compiled with version: 5.4.0 20160609 on 24 July 2019 03:12:31
os: Linux-4.4.0-143-generic #169-Ubuntu SMP Thu Feb 7 07:56:38 UTC 2019
nodename: iZuf64zc9ri721kvzk6bxjZ
machine: x86_64
clock source: unix
pcre jit disabled
detected number of CPU cores: 4
current working directory: /var/www_codelion/kqwebsite/restful_api
detected binary path: /usr/bin/uwsgi
uWSGI running as root, you can use --uid/--gid/--chroot options
*** WARNING: you are running uWSGI as root !!! (use the --uid flag) *** 
chdir() to /var/www_codelion/kqwebsite/restful_api
your processes number limit is 31782
your memory page size is 4096 bytes
detected max file descriptor number: 65535
lock engine: pthread robust mutexes
thunder lock: disabled (you can enable it with --thunder-lock)
uWSGI http bound on 0.0.0.0:5000 fd 4
uwsgi socket 0 bound to TCP address 127.0.0.1:34527 (port auto-assigned) fd 3
uWSGI running as root, you can use --uid/--gid/--chroot options
*** WARNING: you are running uWSGI as root !!! (use the --uid flag) *** 
Python version: 3.5.2 (default, Nov 12 2018, 13:43:14)  [GCC 5.4.0 20160609]
*** Python threads support is disabled. You can enable it with --enable-threads ***
Python main interpreter initialized at 0x12d0390
uWSGI running as root, you can use --uid/--gid/--chroot options
*** WARNING: you are running uWSGI as root !!! (use the --uid flag) *** 
your server socket listen backlog is limited to 100 connections
your mercy for graceful operations on workers is 60 seconds
mapped 291680 bytes (284 KB) for 3 cores
*** Operational MODE: preforking ***
ImportError: No module named 'run'
unable to load app 0 (mountpoint='') (callable not found or import error)
*** no app loaded. going in full dynamic mode ***
uWSGI running as root, you can use --uid/--gid/--chroot options
*** WARNING: you are running uWSGI as root !!! (use the --uid flag) *** 
*** uWSGI is running in multiple interpreter mode ***
spawned uWSGI master process (pid: 31378)
spawned uWSGI worker 1 (pid: 31379, cores: 1)
spawned uWSGI worker 2 (pid: 31380, cores: 1)
spawned uWSGI worker 3 (pid: 31381, cores: 1)
spawned uWSGI http 1 (pid: 31382)
--- no python application found, check your startup logs for errors ---
[pid: 31381|app: -1|req: -1/1] 220.248.45.178 () {38 vars in 744 bytes} [Wed Jul 24 18:23:32 2019] GET / => generated 21 bytes in 0 msecs (HTTP/1.1 500) 2 headers in 83 bytes (0 switches on core 0)
SIGINT/SIGQUIT received...killing workers...
gateway "uWSGI http 1" has been buried (pid: 31382)
worker 1 buried after 1 seconds
worker 2 buried after 1 seconds
worker 3 buried after 1 seconds
goodbye to uWSGI.
*** Starting uWSGI 2.0.18 (64bit) on [Wed Jul 24 18:25:14 2019] ***
compiled with version: 5.4.0 20160609 on 24 July 2019 03:12:31
os: Linux-4.4.0-143-generic #169-Ubuntu SMP Thu Feb 7 07:56:38 UTC 2019
nodename: iZuf64zc9ri721kvzk6bxjZ
machine: x86_64
clock source: unix
pcre jit disabled
detected number of CPU cores: 4
current working directory: /var/www_codelion/kqwebsite/restful_api
detected binary path: /usr/bin/uwsgi
uWSGI running as root, you can use --uid/--gid/--chroot options
*** WARNING: you are running uWSGI as root !!! (use the --uid flag) *** 
chdir() to /var/www_codelion/kqwebsite/restful_api
your processes number limit is 31782
your memory page size is 4096 bytes
detected max file descriptor number: 65535
lock engine: pthread robust mutexes
thunder lock: disabled (you can enable it with --thunder-lock)
uWSGI http bound on 0.0.0.0:5000 fd 4
uwsgi socket 0 bound to TCP address 127.0.0.1:42932 (port auto-assigned) fd 3
uWSGI running as root, you can use --uid/--gid/--chroot options
*** WARNING: you are running uWSGI as root !!! (use the --uid flag) *** 
Python version: 3.5.2 (default, Nov 12 2018, 13:43:14)  [GCC 5.4.0 20160609]
*** Python threads support is disabled. You can enable it with --enable-threads ***
Python main interpreter initialized at 0xedf390
uWSGI running as root, you can use --uid/--gid/--chroot options
*** WARNING: you are running uWSGI as root !!! (use the --uid flag) *** 
your server socket listen backlog is limited to 100 connections
your mercy for graceful operations on workers is 60 seconds
mapped 291680 bytes (284 KB) for 3 cores
*** Operational MODE: preforking ***
WSGI app 0 (mountpoint='') ready in 0 seconds on interpreter 0xedf390 pid: 31386 (default app)
uWSGI running as root, you can use --uid/--gid/--chroot options
*** WARNING: you are running uWSGI as root !!! (use the --uid flag) *** 
*** uWSGI is running in multiple interpreter mode ***
spawned uWSGI master process (pid: 31386)
spawned uWSGI worker 1 (pid: 31388, cores: 1)
spawned uWSGI worker 2 (pid: 31389, cores: 1)
spawned uWSGI worker 3 (pid: 31390, cores: 1)
spawned uWSGI http 1 (pid: 31391)
[pid: 31390|app: 0|req: 1/1] 220.248.45.178 () {40 vars in 775 bytes} [Wed Jul 24 18:25:18 2019] GET / => generated 15 bytes in 3 msecs (HTTP/1.1 200) 2 headers in 71 bytes (1 switches on core 0)
[pid: 31390|app: 0|req: 2/2] 220.248.45.178 () {40 vars in 775 bytes} [Wed Jul 24 18:25:43 2019] GET / => generated 15 bytes in 0 msecs (HTTP/1.1 200) 2 headers in 71 bytes (1 switches on core 0)
[pid: 31390|app: 0|req: 3/3] 220.248.45.178 () {40 vars in 775 bytes} [Wed Jul 24 18:25:43 2019] GET / => generated 15 bytes in 0 msecs (HTTP/1.1 200) 2 headers in 71 bytes (1 switches on core 0)
[pid: 31390|app: 0|req: 4/4] 220.248.45.178 () {40 vars in 775 bytes} [Wed Jul 24 18:25:45 2019] GET / => generated 15 bytes in 0 msecs (HTTP/1.1 200) 2 headers in 71 bytes (1 switches on core 0)
[pid: 31390|app: 0|req: 5/5] 220.248.45.178 () {40 vars in 775 bytes} [Wed Jul 24 18:25:45 2019] GET / => generated 15 bytes in 0 msecs (HTTP/1.1 200) 2 headers in 71 bytes (1 switches on core 0)
[pid: 31390|app: 0|req: 6/6] 220.248.45.178 () {40 vars in 775 bytes} [Wed Jul 24 18:25:47 2019] GET / => generated 15 bytes in 0 msecs (HTTP/1.1 200) 2 headers in 71 bytes (1 switches on core 0)
[pid: 31390|app: 0|req: 7/7] 220.248.45.178 () {40 vars in 775 bytes} [Wed Jul 24 18:25:48 2019] GET / => generated 15 bytes in 0 msecs (HTTP/1.1 200) 2 headers in 71 bytes (1 switches on core 0)
SIGINT/SIGQUIT received...killing workers...
gateway "uWSGI http 1" has been buried (pid: 31391)
worker 1 buried after 1 seconds
worker 2 buried after 1 seconds
worker 3 buried after 1 seconds
goodbye to uWSGI.
*** Starting uWSGI 2.0.18 (64bit) on [Wed Jul 24 18:26:27 2019] ***
compiled with version: 5.4.0 20160609 on 24 July 2019 03:12:31
os: Linux-4.4.0-143-generic #169-Ubuntu SMP Thu Feb 7 07:56:38 UTC 2019
nodename: iZuf64zc9ri721kvzk6bxjZ
machine: x86_64
clock source: unix
pcre jit disabled
detected number of CPU cores: 4
current working directory: /var/www_codelion/kqwebsite/restful_api
detected binary path: /usr/bin/uwsgi
uWSGI running as root, you can use --uid/--gid/--chroot options
*** WARNING: you are running uWSGI as root !!! (use the --uid flag) *** 
chdir() to /var/www_codelion/kqwebsite/restful_api
your processes number limit is 31782
your memory page size is 4096 bytes
detected max file descriptor number: 65535
lock engine: pthread robust mutexes
thunder lock: disabled (you can enable it with --thunder-lock)
uwsgi socket 0 bound to TCP address 0.0.0.0:5000 fd 3
uWSGI running as root, you can use --uid/--gid/--chroot options
*** WARNING: you are running uWSGI as root !!! (use the --uid flag) *** 
Python version: 3.5.2 (default, Nov 12 2018, 13:43:14)  [GCC 5.4.0 20160609]
*** Python threads support is disabled. You can enable it with --enable-threads ***
Python main interpreter initialized at 0x15eb2a0
uWSGI running as root, you can use --uid/--gid/--chroot options
*** WARNING: you are running uWSGI as root !!! (use the --uid flag) *** 
your server socket listen backlog is limited to 100 connections
your mercy for graceful operations on workers is 60 seconds
mapped 291680 bytes (284 KB) for 3 cores
*** Operational MODE: preforking ***
WSGI app 0 (mountpoint='') ready in 0 seconds on interpreter 0x15eb2a0 pid: 31406 (default app)
uWSGI running as root, you can use --uid/--gid/--chroot options
*** WARNING: you are running uWSGI as root !!! (use the --uid flag) *** 
*** uWSGI is running in multiple interpreter mode ***
spawned uWSGI master process (pid: 31406)
spawned uWSGI worker 1 (pid: 31408, cores: 1)
spawned uWSGI worker 2 (pid: 31409, cores: 1)
spawned uWSGI worker 3 (pid: 31410, cores: 1)
[pid: 31409|app: 0|req: 1/1] 220.248.45.178 () {48 vars in 909 bytes} [Wed Jul 24 18:26:30 2019] GET / => generated 15 bytes in 3 msecs (HTTP/1.1 200) 2 headers in 71 bytes (1 switches on core 0)
Gracefully killing worker 3 (pid: 31410)...
Gracefully killing worker 2 (pid: 31409)...
Gracefully killing worker 1 (pid: 31408)...
...gracefully killing workers...
worker 1 buried after 1 seconds
worker 2 buried after 1 seconds
worker 3 buried after 1 seconds
binary reloading uWSGI...
chdir() to /var/www_codelion/kqwebsite/restful_api
closing all non-uwsgi socket fds > 2 (max_fd = 65535)...
found fd 3 mapped to socket 0 (0.0.0.0:5000)
running /usr/bin/uwsgi
[uWSGI] getting INI configuration from uwsgi.ini
*** Starting uWSGI 2.0.18 (64bit) on [Wed Jul 24 18:28:18 2019] ***
compiled with version: 5.4.0 20160609 on 24 July 2019 03:12:31
os: Linux-4.4.0-143-generic #169-Ubuntu SMP Thu Feb 7 07:56:38 UTC 2019
nodename: iZuf64zc9ri721kvzk6bxjZ
machine: x86_64
clock source: unix
pcre jit disabled
detected number of CPU cores: 4
current working directory: /var/www_codelion/kqwebsite/restful_api
detected binary path: /usr/bin/uwsgi
uWSGI running as root, you can use --uid/--gid/--chroot options
*** WARNING: you are running uWSGI as root !!! (use the --uid flag) *** 
chdir() to /var/www_codelion/kqwebsite/restful_api
your processes number limit is 31782
your memory page size is 4096 bytes
detected max file descriptor number: 65535
lock engine: pthread robust mutexes
thunder lock: disabled (you can enable it with --thunder-lock)
uwsgi socket 0 inherited INET address 0.0.0.0:5000 fd 3
uWSGI running as root, you can use --uid/--gid/--chroot options
*** WARNING: you are running uWSGI as root !!! (use the --uid flag) *** 
Python version: 3.5.2 (default, Nov 12 2018, 13:43:14)  [GCC 5.4.0 20160609]
*** Python threads support is disabled. You can enable it with --enable-threads ***
Python main interpreter initialized at 0x1f59da0
uWSGI running as root, you can use --uid/--gid/--chroot options
*** WARNING: you are running uWSGI as root !!! (use the --uid flag) *** 
your server socket listen backlog is limited to 100 connections
your mercy for graceful operations on workers is 60 seconds
mapped 291680 bytes (284 KB) for 3 cores
*** Operational MODE: preforking ***
WSGI app 0 (mountpoint='') ready in 0 seconds on interpreter 0x1f59da0 pid: 31406 (default app)
uWSGI running as root, you can use --uid/--gid/--chroot options
*** WARNING: you are running uWSGI as root !!! (use the --uid flag) *** 
*** uWSGI is running in multiple interpreter mode ***
gracefully (RE)spawned uWSGI master process (pid: 31406)
spawned uWSGI worker 1 (pid: 31419, cores: 1)
spawned uWSGI worker 2 (pid: 31420, cores: 1)
spawned uWSGI worker 3 (pid: 31421, cores: 1)
[pid: 31420|app: 0|req: 1/1] 220.248.45.178 () {46 vars in 878 bytes} [Wed Jul 24 18:29:02 2019] GET / => generated 15 bytes in 3 msecs (HTTP/1.1 200) 2 headers in 71 bytes (1 switches on core 0)
invalid request block size: 21573 (max 4096)...skip
invalid request block size: 21573 (max 4096)...skip
invalid request block size: 21573 (max 4096)...skip
invalid request block size: 21573 (max 4096)...skip
invalid request block size: 21573 (max 4096)...skip
invalid request block size: 21573 (max 4096)...skip
-- unavailable modifier requested: 3 --
-- unavailable modifier requested: 3 --
Thu Jul 25 10:08:34 2019 - uWSGI worker 2 screams: UAAAAAAH my master disconnected: i will kill myself !!!
Thu Jul 25 10:08:34 2019 - uWSGI worker 1 screams: UAAAAAAH my master disconnected: i will kill myself !!!
Thu Jul 25 10:08:34 2019 - uWSGI worker 3 screams: UAAAAAAH my master disconnected: i will kill myself !!!
*** Starting uWSGI 2.0.18 (64bit) on [Thu Jul 25 10:08:40 2019] ***
compiled with version: 5.4.0 20160609 on 24 July 2019 03:12:31
os: Linux-4.4.0-143-generic #169-Ubuntu SMP Thu Feb 7 07:56:38 UTC 2019
nodename: iZuf64zc9ri721kvzk6bxjZ
machine: x86_64
clock source: unix
pcre jit disabled
detected number of CPU cores: 4
current working directory: /var/www_codelion/kqwebsite/restful_api
detected binary path: /usr/bin/uwsgi
uWSGI running as root, you can use --uid/--gid/--chroot options
*** WARNING: you are running uWSGI as root !!! (use the --uid flag) *** 
chdir() to /var/www_codelion/kqwebsite/restful_api
your processes number limit is 31782
your memory page size is 4096 bytes
detected max file descriptor number: 65535
lock engine: pthread robust mutexes
thunder lock: disabled (you can enable it with --thunder-lock)
uwsgi socket 0 bound to TCP address 0.0.0.0:5000 fd 3
uWSGI running as root, you can use --uid/--gid/--chroot options
*** WARNING: you are running uWSGI as root !!! (use the --uid flag) *** 
Python version: 3.5.2 (default, Nov 12 2018, 13:43:14)  [GCC 5.4.0 20160609]
*** Python threads support is disabled. You can enable it with --enable-threads ***
Python main interpreter initialized at 0x16da370
uWSGI running as root, you can use --uid/--gid/--chroot options
*** WARNING: you are running uWSGI as root !!! (use the --uid flag) *** 
your server socket listen backlog is limited to 100 connections
your mercy for graceful operations on workers is 60 seconds
mapped 291680 bytes (284 KB) for 3 cores
*** Operational MODE: preforking ***
WSGI app 0 (mountpoint='') ready in 0 seconds on interpreter 0x16da370 pid: 32322 (default app)
uWSGI running as root, you can use --uid/--gid/--chroot options
*** WARNING: you are running uWSGI as root !!! (use the --uid flag) *** 
*** uWSGI is running in multiple interpreter mode ***
spawned uWSGI master process (pid: 32322)
spawned uWSGI worker 1 (pid: 32324, cores: 1)
spawned uWSGI worker 2 (pid: 32325, cores: 1)
spawned uWSGI worker 3 (pid: 32326, cores: 1)
SIGINT/SIGQUIT received...killing workers...
worker 1 buried after 1 seconds
worker 2 buried after 1 seconds
worker 3 buried after 1 seconds
goodbye to uWSGI.
*** Starting uWSGI 2.0.18 (64bit) on [Thu Jul 25 10:14:12 2019] ***
compiled with version: 5.4.0 20160609 on 24 July 2019 03:12:31
os: Linux-4.4.0-143-generic #169-Ubuntu SMP Thu Feb 7 07:56:38 UTC 2019
nodename: iZuf64zc9ri721kvzk6bxjZ
machine: x86_64
clock source: unix
pcre jit disabled
detected number of CPU cores: 4
current working directory: /var/www_codelion/kqwebsite/restful_api
detected binary path: /usr/bin/uwsgi
uWSGI running as root, you can use --uid/--gid/--chroot options
*** WARNING: you are running uWSGI as root !!! (use the --uid flag) *** 
chdir() to /var/www_codelion/kqwebsite/restful_api
your processes number limit is 31782
your memory page size is 4096 bytes
detected max file descriptor number: 65535
lock engine: pthread robust mutexes
thunder lock: disabled (you can enable it with --thunder-lock)
uwsgi socket 0 bound to TCP address 0.0.0.0:5000 fd 3
uWSGI running as root, you can use --uid/--gid/--chroot options
*** WARNING: you are running uWSGI as root !!! (use the --uid flag) *** 
Python version: 3.5.2 (default, Nov 12 2018, 13:43:14)  [GCC 5.4.0 20160609]
*** Python threads support is disabled. You can enable it with --enable-threads ***
Python main interpreter initialized at 0xdba370
uWSGI running as root, you can use --uid/--gid/--chroot options
*** WARNING: you are running uWSGI as root !!! (use the --uid flag) *** 
your server socket listen backlog is limited to 100 connections
your mercy for graceful operations on workers is 60 seconds
mapped 291680 bytes (284 KB) for 3 cores
*** Operational MODE: preforking ***
WSGI app 0 (mountpoint='') ready in 0 seconds on interpreter 0xdba370 pid: 32393 (default app)
uWSGI running as root, you can use --uid/--gid/--chroot options
*** WARNING: you are running uWSGI as root !!! (use the --uid flag) *** 
*** uWSGI is running in multiple interpreter mode ***
spawned uWSGI master process (pid: 32393)
spawned uWSGI worker 1 (pid: 32395, cores: 1)
spawned uWSGI worker 2 (pid: 32396, cores: 1)
spawned uWSGI worker 3 (pid: 32397, cores: 1)
invalid request block size: 21327 (max 4096)...skip
[pid: 32397|app: 0|req: 1/1] 220.248.45.178 () {48 vars in 711 bytes} [Thu Jul 25 10:14:24 2019] POST /userlogin => generated 95 bytes in 12 msecs (HTTP/1.1 200) 2 headers in 71 bytes (1 switches on core 0)
[pid: 32397|app: 0|req: 2/2] 101.227.139.161 () {40 vars in 648 bytes} [Thu Jul 25 10:15:48 2019] GET /userlogin => generated 70 bytes in 1 msecs (HTTP/1.0 405) 3 headers in 109 bytes (1 switches on core 0)
[pid: 32397|app: 0|req: 3/3] 101.227.139.172 () {40 vars in 638 bytes} [Thu Jul 25 10:15:53 2019] GET /user => generated 70 bytes in 0 msecs (HTTP/1.0 405) 3 headers in 109 bytes (1 switches on core 0)
[pid: 32397|app: 0|req: 4/4] 61.129.8.179 () {40 vars in 686 bytes} [Thu Jul 25 10:22:38 2019] GET /user => generated 70 bytes in 0 msecs (HTTP/1.1 405) 3 headers in 109 bytes (1 switches on core 0)
[pid: 32396|app: 0|req: 1/5] 61.129.6.227 () {40 vars in 745 bytes} [Thu Jul 25 10:27:39 2019] GET /userlogin => generated 70 bytes in 3 msecs (HTTP/1.1 405) 3 headers in 109 bytes (1 switches on core 0)
