*** Starting uWSGI 2.0.18 (64bit) on [Fri Aug  9 17:21:03 2019] ***
compiled with version: 5.4.0 20160609 on 19 March 2019 03:04:45
os: Linux-4.4.0-142-generic #168-Ubuntu SMP Wed Jan 16 21:00:45 UTC 2019
nodename: iZuf6415vcnq43if3iq5jlZ
machine: x86_64
clock source: unix
detected number of CPU cores: 4
current working directory: /var/www/www_codelion/OCRUtils
detected binary path: /var/www/www_codelion/venv/bin/uwsgi
!!! no internal routing support, rebuild with pcre support !!!
uWSGI running as root, you can use --uid/--gid/--chroot options
*** WARNING: you are running uWSGI as root !!! (use the --uid flag) *** 
*** WARNING: you are running uWSGI without its master process manager ***
your processes number limit is 31782
your memory page size is 4096 bytes
detected max file descriptor number: 65535
lock engine: pthread robust mutexes
thunder lock: disabled (you can enable it with --thunder-lock)
uwsgi socket 0 bound to TCP address 0.0.0.0:5000 fd 3
uWSGI running as root, you can use --uid/--gid/--chroot options
*** WARNING: you are running uWSGI as root !!! (use the --uid flag) *** 
Python version: 3.5.2 (default, Nov 12 2018, 13:43:14)  [GCC 5.4.0 20160609]
*** Python threads support is disabled. You can enable it with --enable-threads ***
Python main interpreter initialized at 0x1799a20
uWSGI running as root, you can use --uid/--gid/--chroot options
*** WARNING: you are running uWSGI as root !!! (use the --uid flag) *** 
your server socket listen backlog is limited to 100 connections
your mercy for graceful operations on workers is 60 seconds
mapped 218760 bytes (213 KB) for 3 cores
*** Operational MODE: preforking ***
WSGI app 0 (mountpoint='') ready in 0 seconds on interpreter 0x1799a20 pid: 18648 (default app)
uWSGI running as root, you can use --uid/--gid/--chroot options
*** WARNING: you are running uWSGI as root !!! (use the --uid flag) *** 
*** uWSGI is running in multiple interpreter mode ***
spawned uWSGI worker 1 (pid: 18648, cores: 1)
spawned uWSGI worker 2 (pid: 18650, cores: 1)
spawned uWSGI worker 3 (pid: 18651, cores: 1)
*** Starting uWSGI 2.0.18 (64bit) on [Fri Aug  9 17:22:42 2019] ***
compiled with version: 5.4.0 20160609 on 19 March 2019 03:04:45
os: Linux-4.4.0-142-generic #168-Ubuntu SMP Wed Jan 16 21:00:45 UTC 2019
nodename: iZuf6415vcnq43if3iq5jlZ
machine: x86_64
clock source: unix
detected number of CPU cores: 4
current working directory: /var/www/www_codelion/OCRUtils
detected binary path: /var/www/www_codelion/venv/bin/uwsgi
!!! no internal routing support, rebuild with pcre support !!!
uWSGI running as root, you can use --uid/--gid/--chroot options
*** WARNING: you are running uWSGI as root !!! (use the --uid flag) *** 
*** WARNING: you are running uWSGI without its master process manager ***
your processes number limit is 31782
your memory page size is 4096 bytes
detected max file descriptor number: 65535
lock engine: pthread robust mutexes
thunder lock: disabled (you can enable it with --thunder-lock)
uwsgi socket 0 bound to TCP address 0.0.0.0:5000 fd 3
uWSGI running as root, you can use --uid/--gid/--chroot options
*** WARNING: you are running uWSGI as root !!! (use the --uid flag) *** 
Python version: 3.5.2 (default, Nov 12 2018, 13:43:14)  [GCC 5.4.0 20160609]
*** Python threads support is disabled. You can enable it with --enable-threads ***
Python main interpreter initialized at 0x20e7a20
uWSGI running as root, you can use --uid/--gid/--chroot options
*** WARNING: you are running uWSGI as root !!! (use the --uid flag) *** 
your server socket listen backlog is limited to 100 connections
your mercy for graceful operations on workers is 60 seconds
mapped 218760 bytes (213 KB) for 3 cores
*** Operational MODE: preforking ***
WSGI app 0 (mountpoint='') ready in 0 seconds on interpreter 0x20e7a20 pid: 18665 (default app)
uWSGI running as root, you can use --uid/--gid/--chroot options
*** WARNING: you are running uWSGI as root !!! (use the --uid flag) *** 
*** uWSGI is running in multiple interpreter mode ***
spawned uWSGI worker 1 (pid: 18665, cores: 1)
spawned uWSGI worker 2 (pid: 18667, cores: 1)
spawned uWSGI worker 3 (pid: 18668, cores: 1)
